<?xml version="1.0" encoding="UTF-8"?>
<!-- Generated by org.testng.reporters.JUnitXMLReporter -->
<testsuite ignored="13" hostname="HOME" failures="1" tests="3" name="debug" time="5.224" errors="0" timestamp="2025-07-15T10:21:39 IST">
  <testcase classname="com.darkuros.selenium.tests.LoginTest" name="isForgotPasswordLinkWorking" time="0.137">
    <skipped/>
  </testcase> <!-- isForgotPasswordLinkWorking -->
  <testcase classname="com.darkuros.selenium.tests.LoginTest" name="isForgotPasswordLinkWorking" time="0.109">
    <skipped/>
  </testcase> <!-- isForgotPasswordLinkWorking -->
  <testcase classname="com.darkuros.selenium.tests.LoginTest" name="isForgotPasswordLinkWorking" time="0.095">
    <failure type="java.lang.AssertionError" message="expected [https://rahulshettyacademy.com/client//auth/password-new] but found [https://rahulshettyacademy.com/client/#/auth/password-new]">
      <![CDATA[java.lang.AssertionError: expected [https://rahulshettyacademy.com/client//auth/password-new] but found [https://rahulshettyacademy.com/client/#/auth/password-new]
at org.testng.Assert.fail(Assert.java:111)
at org.testng.Assert.failNotEquals(Assert.java:1590)
at org.testng.Assert.assertEqualsImpl(Assert.java:150)
at org.testng.Assert.assertEquals(Assert.java:132)
at org.testng.Assert.assertEquals(Assert.java:656)
at org.testng.Assert.assertEquals(Assert.java:666)
at com.darkuros.selenium.tests.LoginTest.isForgotPasswordLinkWorking(LoginTest.java:47)
at java.base/jdk.internal.reflect.DirectMethodHandleAccessor.invoke(DirectMethodHandleAccessor.java:103)
at java.base/java.lang.reflect.Method.invoke(Method.java:580)
at org.testng.internal.invokers.MethodInvocationHelper.invokeMethod(MethodInvocationHelper.java:141)
at org.testng.internal.invokers.TestInvoker.invokeMethod(TestInvoker.java:687)
at org.testng.internal.invokers.TestInvoker.retryFailed(TestInvoker.java:269)
at org.testng.internal.invokers.MethodRunner.runInSequence(MethodRunner.java:76)
at org.testng.internal.invokers.TestInvoker$MethodInvocationAgent.invoke(TestInvoker.java:995)
at org.testng.internal.invokers.TestInvoker.invokeTestMethods(TestInvoker.java:203)
at org.testng.internal.invokers.TestMethodWorker.invokeTestMethods(TestMethodWorker.java:154)
at org.testng.internal.invokers.TestMethodWorker.run(TestMethodWorker.java:134)
at java.base/java.util.concurrent.Executors$RunnableAdapter.call(Executors.java:572)
at java.base/java.util.concurrent.FutureTask.run(FutureTask.java:317)
at org.testng.internal.thread.graph.TestNGFutureTask.run(TestNGFutureTask.java:22)
at java.base/java.util.concurrent.ThreadPoolExecutor.runWorker(ThreadPoolExecutor.java:1144)
at java.base/java.util.concurrent.ThreadPoolExecutor$Worker.run(ThreadPoolExecutor.java:642)
at java.base/java.lang.Thread.run(Thread.java:1583)
]]>
    </failure>
  </testcase> <!-- isForgotPasswordLinkWorking -->
  <testcase classname="com.darkuros.selenium.tests.ForgotPasswordTest" name="emptyConfirmPassword" time="0.0">
    <ignored/>
  </testcase> <!-- emptyConfirmPassword -->
  <testcase classname="com.darkuros.selenium.tests.ForgotPasswordTest" name="invalidEmail" time="0.0">
    <ignored/>
  </testcase> <!-- invalidEmail -->
  <testcase classname="com.darkuros.selenium.tests.ForgotPasswordTest" name="passwordsDontMatch" time="0.0">
    <ignored/>
  </testcase> <!-- passwordsDontMatch -->
  <testcase classname="com.darkuros.selenium.tests.LoginTest" name="loginScenarios" time="0.0">
    <ignored/>
  </testcase> <!-- loginScenarios -->
  <testcase classname="com.darkuros.selenium.tests.RegisterTest" name="registerUserWithOnlyRequiredFields" time="0.0">
    <ignored/>
  </testcase> <!-- registerUserWithOnlyRequiredFields -->
  <testcase classname="com.darkuros.selenium.tests.ForgotPasswordTest" name="emptyEmail" time="0.0">
    <ignored/>
  </testcase> <!-- emptyEmail -->
  <testcase classname="com.darkuros.selenium.tests.ForgotPasswordTest" name="saveNewPasswordWithValidCredentials" time="0.0">
    <ignored/>
  </testcase> <!-- saveNewPasswordWithValidCredentials -->
  <testcase classname="com.darkuros.selenium.tests.RegisterTest" name="clickRegisterWithEmptyForm" time="0.0">
    <ignored/>
  </testcase> <!-- clickRegisterWithEmptyForm -->
  <testcase classname="com.darkuros.selenium.tests.ForgotPasswordTest" name="emptyPasswordAndConfirmPassword" time="0.0">
    <ignored/>
  </testcase> <!-- emptyPasswordAndConfirmPassword -->
  <testcase classname="com.darkuros.selenium.tests.ForgotPasswordTest" name="emptyPassword" time="0.0">
    <ignored/>
  </testcase> <!-- emptyPassword -->
  <testcase classname="com.darkuros.selenium.tests.LoginTest" name="isRegisterLinkWorking" time="0.0">
    <ignored/>
  </testcase> <!-- isRegisterLinkWorking -->
  <testcase classname="com.darkuros.selenium.tests.RegisterTest" name="registerUserWithValidDetails" time="0.0">
    <ignored/>
  </testcase> <!-- registerUserWithValidDetails -->
  <testcase classname="com.darkuros.selenium.tests.RegisterTest" name="passwordLessThan8Chars" time="0.0">
    <ignored/>
  </testcase> <!-- passwordLessThan8Chars -->
</testsuite> <!-- debug -->
